# JRE version: OpenJDK Runtime Environment Temurin-17.0.6+10 (17.0.6+10) (build 17.0.6+10)
# Java VM: OpenJDK 64-Bit Server VM Temurin-17.0.6+10 (17.0.6+10, mixed mode, tiered, compressed oops, compressed class ptrs, parallel gc, windows-amd64)
GC Precious Log:
 CPUs: 8 total, 8 available
 Memory: 16122M
 Large Page Support: Disabled
 NUMA Support: Disabled
 Compressed Oops: Enabled (32-bit)
 Alignments: Space 512K, Generation 512K, Heap 2M
 Heap Min Capacity: 100M
 Heap Initial Capacity: 100M
 Heap Max Capacity: 1G
 Pre-touch: Disabled
 Parallel Workers: 8
Heap:
 PSYoungGen      total 2560K, used 1667K [0x00000000eab00000, 0x00000000eae80000, 0x0000000100000000)
  eden space 2048K, 67% used [0x00000000eab00000,0x00000000eac5a398,0x00000000ead00000)
  from space 512K, 55% used [0x00000000eae00000,0x00000000eae46900,0x00000000eae80000)
  to   space 512K, 0% used [0x00000000ead80000,0x00000000ead80000,0x00000000eae00000)
 ParOldGen       total 115712K, used 110964K [0x00000000c0000000, 0x00000000c7100000, 0x00000000eab00000)
  object space 115712K, 95% used [0x00000000c0000000,0x00000000c6c5d220,0x00000000c7100000)
 Metaspace       used 74051K, committed 75264K, reserved 1122304K
  class space    used 7723K, committed 8256K, reserved 1048576K
GC Heap History (20 events):
Event: 321.532 GC heap before
{Heap before GC invocations=348 (full 7):
 PSYoungGen      total 2560K, used 2272K [0x00000000eab00000, 0x00000000eae80000, 0x0000000100000000)
  eden space 2048K, 100% used [0x00000000eab00000,0x00000000ead00000,0x00000000ead00000)
  from space 512K, 43% used [0x00000000eae00000,0x00000000eae38000,0x00000000eae80000)
  to   space 512K, 0% used [0x00000000ead80000,0x00000000ead80000,0x00000000eae00000)
 ParOldGen       total 115712K, used 110452K [0x00000000c0000000, 0x00000000c7100000, 0x00000000eab00000)
  object space 115712K, 95% used [0x00000000c0000000,0x00000000c6bdd220,0x00000000c7100000)
 Metaspace       used 73434K, committed 74624K, reserved 1122304K
  class space    used 7643K, committed 8192K, reserved 1048576K
}
Event: 321.533 GC heap after
{Heap after GC invocations=348 (full 7):
 PSYoungGen      total 2560K, used 192K [0x00000000eab00000, 0x00000000eae80000, 0x0000000100000000)
  eden space 2048K, 0% used [0x00000000eab00000,0x00000000eab00000,0x00000000ead00000)
  from space 512K, 37% used [0x00000000ead80000,0x00000000eadb0000,0x00000000eae00000)
  to   space 512K, 0% used [0x00000000eae00000,0x00000000eae00000,0x00000000eae80000)
 ParOldGen       total 115712K, used 110492K [0x00000000c0000000, 0x00000000c7100000, 0x00000000eab00000)
  object space 115712K, 95% used [0x00000000c0000000,0x00000000c6be7220,0x00000000c7100000)
 Metaspace       used 73434K, committed 74624K, reserved 1122304K
  class space    used 7643K, committed 8192K, reserved 1048576K
}
Event: 325.089 GC heap before
{Heap before GC invocations=349 (full 7):
 PSYoungGen      total 2560K, used 2240K [0x00000000eab00000, 0x00000000eae80000, 0x0000000100000000)
  eden space 2048K, 100% used [0x00000000eab00000,0x00000000ead00000,0x00000000ead00000)
  from space 512K, 37% used [0x00000000ead80000,0x00000000eadb0000,0x00000000eae00000)
  to   space 512K, 0% used [0x00000000eae00000,0x00000000eae00000,0x00000000eae80000)
 ParOldGen       total 115712K, used 110492K [0x00000000c0000000, 0x00000000c7100000, 0x00000000eab00000)
  object space 115712K, 95% used [0x00000000c0000000,0x00000000c6be7220,0x00000000c7100000)
 Metaspace       used 73436K, committed 74624K, reserved 1122304K
  class space    used 7643K, committed 8192K, reserved 1048576K
}
Event: 325.090 GC heap after
{Heap after GC invocations=349 (full 7):
 PSYoungGen      total 2560K, used 224K [0x00000000eab00000, 0x00000000eae80000, 0x0000000100000000)
  eden space 2048K, 0% used [0x00000000eab00000,0x00000000eab00000,0x00000000ead00000)
  from space 512K, 43% used [0x00000000eae00000,0x00000000eae38000,0x00000000eae80000)
  to   space 512K, 0% used [0x00000000ead80000,0x00000000ead80000,0x00000000eae00000)
 ParOldGen       total 115712K, used 110532K [0x00000000c0000000, 0x00000000c7100000, 0x00000000eab00000)
  object space 115712K, 95% used [0x00000000c0000000,0x00000000c6bf1220,0x00000000c7100000)
 Metaspace       used 73436K, committed 74624K, reserved 1122304K
  class space    used 7643K, committed 8192K, reserved 1048576K
}
Event: 329.627 GC heap before
{Heap before GC invocations=350 (full 7):
 PSYoungGen      total 2560K, used 2268K [0x00000000eab00000, 0x00000000eae80000, 0x0000000100000000)
  eden space 2048K, 99% used [0x00000000eab00000,0x00000000eacff300,0x00000000ead00000)
  from space 512K, 43% used [0x00000000eae00000,0x00000000eae38000,0x00000000eae80000)
  to   space 512K, 0% used [0x00000000ead80000,0x00000000ead80000,0x00000000eae00000)
 ParOldGen       total 115712K, used 110532K [0x00000000c0000000, 0x00000000c7100000, 0x00000000eab00000)
  object space 115712K, 95% used [0x00000000c0000000,0x00000000c6bf1220,0x00000000c7100000)
 Metaspace       used 73441K, committed 74624K, reserved 1122304K
  class space    used 7643K, committed 8192K, reserved 1048576K
}
Event: 329.628 GC heap after
{Heap after GC invocations=350 (full 7):
 PSYoungGen      total 2560K, used 224K [0x00000000eab00000, 0x00000000eae80000, 0x0000000100000000)
  eden space 2048K, 0% used [0x00000000eab00000,0x00000000eab00000,0x00000000ead00000)
  from space 512K, 43% used [0x00000000ead80000,0x00000000eadb8000,0x00000000eae00000)
  to   space 512K, 0% used [0x00000000eae00000,0x00000000eae00000,0x00000000eae80000)
 ParOldGen       total 115712K, used 110588K [0x00000000c0000000, 0x00000000c7100000, 0x00000000eab00000)
  object space 115712K, 95% used [0x00000000c0000000,0x00000000c6bff220,0x00000000c7100000)
 Metaspace       used 73441K, committed 74624K, reserved 1122304K
  class space    used 7643K, committed 8192K, reserved 1048576K
}
Event: 334.973 GC heap before
{Heap before GC invocations=351 (full 7):
 PSYoungGen      total 2560K, used 2272K [0x00000000eab00000, 0x00000000eae80000, 0x0000000100000000)
  eden space 2048K, 100% used [0x00000000eab00000,0x00000000ead00000,0x00000000ead00000)
  from space 512K, 43% used [0x00000000ead80000,0x00000000eadb8000,0x00000000eae00000)
  to   space 512K, 0% used [0x00000000eae00000,0x00000000eae00000,0x00000000eae80000)
 ParOldGen       total 115712K, used 110588K [0x00000000c0000000, 0x00000000c7100000, 0x00000000eab00000)
  object space 115712K, 95% used [0x00000000c0000000,0x00000000c6bff220,0x00000000c7100000)
 Metaspace       used 73441K, committed 74624K, reserved 1122304K
  class space    used 7643K, committed 8192K, reserved 1048576K
}
Event: 334.973 GC heap after
{Heap after GC invocations=351 (full 7):
 PSYoungGen      total 2560K, used 192K [0x00000000eab00000, 0x00000000eae80000, 0x0000000100000000)
  eden space 2048K, 0% used [0x00000000eab00000,0x00000000eab00000,0x00000000ead00000)
  from space 512K, 37% used [0x00000000eae00000,0x00000000eae30000,0x00000000eae80000)
  to   space 512K, 0% used [0x00000000ead80000,0x00000000ead80000,0x00000000eae00000)
 ParOldGen       total 115712K, used 110620K [0x00000000c0000000, 0x00000000c7100000, 0x00000000eab00000)
  object space 115712K, 95% used [0x00000000c0000000,0x00000000c6c07220,0x00000000c7100000)
 Metaspace       used 73441K, committed 74624K, reserved 1122304K
  class space    used 7643K, committed 8192K, reserved 1048576K
}
Event: 337.802 GC heap before
{Heap before GC invocations=352 (full 7):
 PSYoungGen      total 2560K, used 2233K [0x00000000eab00000, 0x00000000eae80000, 0x0000000100000000)
  eden space 2048K, 99% used [0x00000000eab00000,0x00000000eacfe620,0x00000000ead00000)
  from space 512K, 37% used [0x00000000eae00000,0x00000000eae30000,0x00000000eae80000)
  to   space 512K, 0% used [0x00000000ead80000,0x00000000ead80000,0x00000000eae00000)
 ParOldGen       total 115712K, used 110620K [0x00000000c0000000, 0x00000000c7100000, 0x00000000eab00000)
  object space 115712K, 95% used [0x00000000c0000000,0x00000000c6c07220,0x00000000c7100000)
 Metaspace       used 73441K, committed 74624K, reserved 1122304K
  class space    used 7643K, committed 8192K, reserved 1048576K
}
Event: 337.803 GC heap after
{Heap after GC invocations=352 (full 7):
 PSYoungGen      total 2560K, used 192K [0x00000000eab00000, 0x00000000eae80000, 0x0000000100000000)
  eden space 2048K, 0% used [0x00000000eab00000,0x00000000eab00000,0x00000000ead00000)
  from space 512K, 37% used [0x00000000ead80000,0x00000000eadb0000,0x00000000eae00000)
  to   space 512K, 0% used [0x00000000eae00000,0x00000000eae00000,0x00000000eae80000)
 ParOldGen       total 115712K, used 110660K [0x00000000c0000000, 0x00000000c7100000, 0x00000000eab00000)
  object space 115712K, 95% used [0x00000000c0000000,0x00000000c6c11220,0x00000000c7100000)
 Metaspace       used 73441K, committed 74624K, reserved 1122304K
  class space    used 7643K, committed 8192K, reserved 1048576K
}
Event: 338.422 GC heap before
{Heap before GC invocations=353 (full 7):
 PSYoungGen      total 2560K, used 2240K [0x00000000eab00000, 0x00000000eae80000, 0x0000000100000000)
  eden space 2048K, 100% used [0x00000000eab00000,0x00000000ead00000,0x00000000ead00000)
  from space 512K, 37% used [0x00000000ead80000,0x00000000eadb0000,0x00000000eae00000)
  to   space 512K, 0% used [0x00000000eae00000,0x00000000eae00000,0x00000000eae80000)
 ParOldGen       total 115712K, used 110660K [0x00000000c0000000, 0x00000000c7100000, 0x00000000eab00000)
  object space 115712K, 95% used [0x00000000c0000000,0x00000000c6c11220,0x00000000c7100000)
 Metaspace       used 73448K, committed 74624K, reserved 1122304K
  class space    used 7643K, committed 8192K, reserved 1048576K
}
Event: 338.423 GC heap after
{Heap after GC invocations=353 (full 7):
 PSYoungGen      total 2560K, used 320K [0x00000000eab00000, 0x00000000eae80000, 0x0000000100000000)
  eden space 2048K, 0% used [0x00000000eab00000,0x00000000eab00000,0x00000000ead00000)
  from space 512K, 62% used [0x00000000eae00000,0x00000000eae50000,0x00000000eae80000)
  to   space 512K, 0% used [0x00000000ead80000,0x00000000ead80000,0x00000000eae00000)
 ParOldGen       total 115712K, used 110708K [0x00000000c0000000, 0x00000000c7100000, 0x00000000eab00000)
  object space 115712K, 95% used [0x00000000c0000000,0x00000000c6c1d220,0x00000000c7100000)
 Metaspace       used 73448K, committed 74624K, reserved 1122304K
  class space    used 7643K, committed 8192K, reserved 1048576K
}
Event: 338.548 GC heap before
{Heap before GC invocations=354 (full 7):
 PSYoungGen      total 2560K, used 2367K [0x00000000eab00000, 0x00000000eae80000, 0x0000000100000000)
  eden space 2048K, 99% used [0x00000000eab00000,0x00000000eacffd00,0x00000000ead00000)
  from space 512K, 62% used [0x00000000eae00000,0x00000000eae50000,0x00000000eae80000)
  to   space 512K, 0% used [0x00000000ead80000,0x00000000ead80000,0x00000000eae00000)
 ParOldGen       total 115712K, used 110708K [0x00000000c0000000, 0x00000000c7100000, 0x00000000eab00000)
  object space 115712K, 95% used [0x00000000c0000000,0x00000000c6c1d220,0x00000000c7100000)
 Metaspace       used 73528K, committed 74688K, reserved 1122304K
  class space    used 7650K, committed 8192K, reserved 1048576K
}
Event: 338.550 GC heap after
{Heap after GC invocations=354 (full 7):
 PSYoungGen      total 2560K, used 288K [0x00000000eab00000, 0x00000000eae80000, 0x0000000100000000)
  eden space 2048K, 0% used [0x00000000eab00000,0x00000000eab00000,0x00000000ead00000)
  from space 512K, 56% used [0x00000000ead80000,0x00000000eadc8000,0x00000000eae00000)
  to   space 512K, 0% used [0x00000000eae00000,0x00000000eae00000,0x00000000eae80000)
 ParOldGen       total 115712K, used 110772K [0x00000000c0000000, 0x00000000c7100000, 0x00000000eab00000)
  object space 115712K, 95% used [0x00000000c0000000,0x00000000c6c2d220,0x00000000c7100000)
 Metaspace       used 73528K, committed 74688K, reserved 1122304K
  class space    used 7650K, committed 8192K, reserved 1048576K
}
Event: 358.964 GC heap before
{Heap before GC invocations=355 (full 7):
 PSYoungGen      total 2560K, used 2336K [0x00000000eab00000, 0x00000000eae80000, 0x0000000100000000)
  eden space 2048K, 100% used [0x00000000eab00000,0x00000000ead00000,0x00000000ead00000)
  from space 512K, 56% used [0x00000000ead80000,0x00000000eadc8000,0x00000000eae00000)
  to   space 512K, 0% used [0x00000000eae00000,0x00000000eae00000,0x00000000eae80000)
 ParOldGen       total 115712K, used 110772K [0x00000000c0000000, 0x00000000c7100000, 0x00000000eab00000)
  object space 115712K, 95% used [0x00000000c0000000,0x00000000c6c2d220,0x00000000c7100000)
 Metaspace       used 73639K, committed 74816K, reserved 1122304K
  class space    used 7663K, committed 8192K, reserved 1048576K
}
Event: 358.965 GC heap after
{Heap after GC invocations=355 (full 7):
 PSYoungGen      total 2560K, used 256K [0x00000000eab00000, 0x00000000eae80000, 0x0000000100000000)
  eden space 2048K, 0% used [0x00000000eab00000,0x00000000eab00000,0x00000000ead00000)
  from space 512K, 50% used [0x00000000eae00000,0x00000000eae40000,0x00000000eae80000)
  to   space 512K, 0% used [0x00000000ead80000,0x00000000ead80000,0x00000000eae00000)
 ParOldGen       total 115712K, used 110908K [0x00000000c0000000, 0x00000000c7100000, 0x00000000eab00000)
  object space 115712K, 95% used [0x00000000c0000000,0x00000000c6c4f220,0x00000000c7100000)
 Metaspace       used 73639K, committed 74816K, reserved 1122304K
  class space    used 7663K, committed 8192K, reserved 1048576K
}
Event: 619.187 GC heap before
{Heap before GC invocations=356 (full 7):
 PSYoungGen      total 2560K, used 2303K [0x00000000eab00000, 0x00000000eae80000, 0x0000000100000000)
  eden space 2048K, 99% used [0x00000000eab00000,0x00000000eacfffe0,0x00000000ead00000)
  from space 512K, 50% used [0x00000000eae00000,0x00000000eae40000,0x00000000eae80000)
  to   space 512K, 0% used [0x00000000ead80000,0x00000000ead80000,0x00000000eae00000)
 ParOldGen       total 115712K, used 110908K [0x00000000c0000000, 0x00000000c7100000, 0x00000000eab00000)
  object space 115712K, 95% used [0x00000000c0000000,0x00000000c6c4f220,0x00000000c7100000)
 Metaspace       used 73858K, committed 75136K, reserved 1122304K
  class space    used 7680K, committed 8256K, reserved 1048576K
}
Event: 619.188 GC heap after
{Heap after GC invocations=356 (full 7):
 PSYoungGen      total 2560K, used 276K [0x00000000eab00000, 0x00000000eae80000, 0x0000000100000000)
  eden space 2048K, 0% used [0x00000000eab00000,0x00000000eab00000,0x00000000ead00000)
  from space 512K, 54% used [0x00000000ead80000,0x00000000eadc5200,0x00000000eae00000)
  to   space 512K, 0% used [0x00000000eae00000,0x00000000eae00000,0x00000000eae80000)
 ParOldGen       total 115712K, used 110964K [0x00000000c0000000, 0x00000000c7100000, 0x00000000eab00000)
  object space 115712K, 95% used [0x00000000c0000000,0x00000000c6c5d220,0x00000000c7100000)
 Metaspace       used 73858K, committed 75136K, reserved 1122304K
  class space    used 7680K, committed 8256K, reserved 1048576K
}
Event: 619.256 GC heap before
{Heap before GC invocations=357 (full 7):
 PSYoungGen      total 2560K, used 2324K [0x00000000eab00000, 0x00000000eae80000, 0x0000000100000000)
  eden space 2048K, 99% used [0x00000000eab00000,0x00000000eacffff0,0x00000000ead00000)
  from space 512K, 54% used [0x00000000ead80000,0x00000000eadc5200,0x00000000eae00000)
  to   space 512K, 0% used [0x00000000eae00000,0x00000000eae00000,0x00000000eae80000)
 ParOldGen       total 115712K, used 110964K [0x00000000c0000000, 0x00000000c7100000, 0x00000000eab00000)
  object space 115712K, 95% used [0x00000000c0000000,0x00000000c6c5d220,0x00000000c7100000)
 Metaspace       used 74037K, committed 75264K, reserved 1122304K
  class space    used 7722K, committed 8256K, reserved 1048576K
}
Event: 619.258 GC heap after
{Heap after GC invocations=357 (full 7):
 PSYoungGen      total 2560K, used 282K [0x00000000eab00000, 0x00000000eae80000, 0x0000000100000000)
  eden space 2048K, 0% used [0x00000000eab00000,0x00000000eab00000,0x00000000ead00000)
  from space 512K, 55% used [0x00000000eae00000,0x00000000eae46900,0x00000000eae80000)
  to   space 512K, 0% used [0x00000000ead80000,0x00000000ead80000,0x00000000eae00000)
 ParOldGen       total 115712K, used 110964K [0x00000000c0000000, 0x00000000c7100000, 0x00000000eab00000)
  object space 115712K, 95% used [0x00000000c0000000,0x00000000c6c5d220,0x00000000c7100000)
 Metaspace       used 74037K, committed 75264K, reserved 1122304K
  class space    used 7722K, committed 8256K, reserved 1048576K
}

