# JRE version: OpenJDK Runtime Environment Temurin-17.0.6+10 (17.0.6+10) (build 17.0.6+10)
# Java VM: OpenJDK 64-Bit Server VM Temurin-17.0.6+10 (17.0.6+10, mixed mode, tiered, compressed oops, compressed class ptrs, parallel gc, windows-amd64)
GC Precious Log:
 CPUs: 8 total, 8 available
 Memory: 16122M
 Large Page Support: Disabled
 NUMA Support: Disabled
 Compressed Oops: Enabled (32-bit)
 Alignments: Space 512K, Generation 512K, Heap 2M
 Heap Min Capacity: 100M
 Heap Initial Capacity: 100M
 Heap Max Capacity: 1G
 Pre-touch: Disabled
 Parallel Workers: 8
Heap:
 PSYoungGen      total 14848K, used 13115K [0x00000000eab00000, 0x00000000ebf00000, 0x0000000100000000)
  eden space 13824K, 87% used [0x00000000eab00000,0x00000000eb6d13f8,0x00000000eb880000)
  from space 1024K, 99% used [0x00000000ebd00000,0x00000000ebdfda20,0x00000000ebe00000)
  to   space 1024K, 0% used [0x00000000ebe00000,0x00000000ebe00000,0x00000000ebf00000)
 ParOldGen       total 83456K, used 57537K [0x00000000c0000000, 0x00000000c5180000, 0x00000000eab00000)
  object space 83456K, 68% used [0x00000000c0000000,0x00000000c3830740,0x00000000c5180000)
 Metaspace       used 66902K, committed 68096K, reserved 1114112K
  class space    used 6939K, committed 7488K, reserved 1048576K
GC Heap History (20 events):
Event: 17.112 GC heap before
{Heap before GC invocations=47 (full 4):
 PSYoungGen      total 19456K, used 2536K [0x00000000eab00000, 0x00000000ed180000, 0x0000000100000000)
  eden space 16896K, 0% used [0x00000000eab00000,0x00000000eab00000,0x00000000ebb80000)
  from space 2560K, 99% used [0x00000000ebf00000,0x00000000ec17a240,0x00000000ec180000)
  to   space 11264K, 0% used [0x00000000ec680000,0x00000000ec680000,0x00000000ed180000)
 ParOldGen       total 70144K, used 69843K [0x00000000c0000000, 0x00000000c4480000, 0x00000000eab00000)
  object space 70144K, 99% used [0x00000000c0000000,0x00000000c4434e58,0x00000000c4480000)
 Metaspace       used 62667K, committed 63808K, reserved 1105920K
  class space    used 6541K, committed 7040K, reserved 1048576K
}
Event: 17.189 GC heap after
{Heap after GC invocations=47 (full 4):
 PSYoungGen      total 28160K, used 0K [0x00000000eab00000, 0x00000000ed180000, 0x0000000100000000)
  eden space 16896K, 0% used [0x00000000eab00000,0x00000000eab00000,0x00000000ebb80000)
  from space 11264K, 0% used [0x00000000ec680000,0x00000000ec680000,0x00000000ed180000)
  to   space 11264K, 0% used [0x00000000ebb80000,0x00000000ebb80000,0x00000000ec680000)
 ParOldGen       total 83456K, used 50341K [0x00000000c0000000, 0x00000000c5180000, 0x00000000eab00000)
  object space 83456K, 60% used [0x00000000c0000000,0x00000000c3129770,0x00000000c5180000)
 Metaspace       used 62667K, committed 63808K, reserved 1105920K
  class space    used 6541K, committed 7040K, reserved 1048576K
}
Event: 17.381 GC heap before
{Heap before GC invocations=48 (full 4):
 PSYoungGen      total 28160K, used 16896K [0x00000000eab00000, 0x00000000ed180000, 0x0000000100000000)
  eden space 16896K, 100% used [0x00000000eab00000,0x00000000ebb80000,0x00000000ebb80000)
  from space 11264K, 0% used [0x00000000ec680000,0x00000000ec680000,0x00000000ed180000)
  to   space 11264K, 0% used [0x00000000ebb80000,0x00000000ebb80000,0x00000000ec680000)
 ParOldGen       total 83456K, used 50341K [0x00000000c0000000, 0x00000000c5180000, 0x00000000eab00000)
  object space 83456K, 60% used [0x00000000c0000000,0x00000000c3129770,0x00000000c5180000)
 Metaspace       used 63329K, committed 64448K, reserved 1114112K
  class space    used 6588K, committed 7104K, reserved 1048576K
}
Event: 17.384 GC heap after
{Heap after GC invocations=48 (full 4):
 PSYoungGen      total 18944K, used 1710K [0x00000000eab00000, 0x00000000ec700000, 0x0000000100000000)
  eden space 16896K, 0% used [0x00000000eab00000,0x00000000eab00000,0x00000000ebb80000)
  from space 2048K, 83% used [0x00000000ebb80000,0x00000000ebd2b988,0x00000000ebd80000)
  to   space 4608K, 0% used [0x00000000ec280000,0x00000000ec280000,0x00000000ec700000)
 ParOldGen       total 83456K, used 50349K [0x00000000c0000000, 0x00000000c5180000, 0x00000000eab00000)
  object space 83456K, 60% used [0x00000000c0000000,0x00000000c312b770,0x00000000c5180000)
 Metaspace       used 63329K, committed 64448K, reserved 1114112K
  class space    used 6588K, committed 7104K, reserved 1048576K
}
Event: 17.521 GC heap before
{Heap before GC invocations=49 (full 4):
 PSYoungGen      total 18944K, used 18606K [0x00000000eab00000, 0x00000000ec700000, 0x0000000100000000)
  eden space 16896K, 100% used [0x00000000eab00000,0x00000000ebb80000,0x00000000ebb80000)
  from space 2048K, 83% used [0x00000000ebb80000,0x00000000ebd2b988,0x00000000ebd80000)
  to   space 4608K, 0% used [0x00000000ec280000,0x00000000ec280000,0x00000000ec700000)
 ParOldGen       total 83456K, used 50349K [0x00000000c0000000, 0x00000000c5180000, 0x00000000eab00000)
  object space 83456K, 60% used [0x00000000c0000000,0x00000000c312b770,0x00000000c5180000)
 Metaspace       used 63634K, committed 64832K, reserved 1114112K
  class space    used 6615K, committed 7168K, reserved 1048576K
}
Event: 17.526 GC heap after
{Heap after GC invocations=49 (full 4):
 PSYoungGen      total 18432K, used 4579K [0x00000000eab00000, 0x00000000ecf80000, 0x0000000100000000)
  eden space 13824K, 0% used [0x00000000eab00000,0x00000000eab00000,0x00000000eb880000)
  from space 4608K, 99% used [0x00000000ec280000,0x00000000ec6f8d90,0x00000000ec700000)
  to   space 10240K, 0% used [0x00000000eb880000,0x00000000eb880000,0x00000000ec280000)
 ParOldGen       total 83456K, used 54256K [0x00000000c0000000, 0x00000000c5180000, 0x00000000eab00000)
  object space 83456K, 65% used [0x00000000c0000000,0x00000000c34fc348,0x00000000c5180000)
 Metaspace       used 63634K, committed 64832K, reserved 1114112K
  class space    used 6615K, committed 7168K, reserved 1048576K
}
Event: 17.710 GC heap before
{Heap before GC invocations=50 (full 4):
 PSYoungGen      total 18432K, used 18403K [0x00000000eab00000, 0x00000000ecf80000, 0x0000000100000000)
  eden space 13824K, 100% used [0x00000000eab00000,0x00000000eb880000,0x00000000eb880000)
  from space 4608K, 99% used [0x00000000ec280000,0x00000000ec6f8d90,0x00000000ec700000)
  to   space 10240K, 0% used [0x00000000eb880000,0x00000000eb880000,0x00000000ec280000)
 ParOldGen       total 83456K, used 54256K [0x00000000c0000000, 0x00000000c5180000, 0x00000000eab00000)
  object space 83456K, 65% used [0x00000000c0000000,0x00000000c34fc348,0x00000000c5180000)
 Metaspace       used 64196K, committed 65344K, reserved 1114112K
  class space    used 6653K, committed 7168K, reserved 1048576K
}
Event: 17.713 GC heap after
{Heap after GC invocations=50 (full 4):
 PSYoungGen      total 15360K, used 1326K [0x00000000eab00000, 0x00000000ec300000, 0x0000000100000000)
  eden space 13824K, 0% used [0x00000000eab00000,0x00000000eab00000,0x00000000eb880000)
  from space 1536K, 86% used [0x00000000eb880000,0x00000000eb9cba78,0x00000000eba00000)
  to   space 4096K, 0% used [0x00000000ebf00000,0x00000000ebf00000,0x00000000ec300000)
 ParOldGen       total 83456K, used 54400K [0x00000000c0000000, 0x00000000c5180000, 0x00000000eab00000)
  object space 83456K, 65% used [0x00000000c0000000,0x00000000c3520348,0x00000000c5180000)
 Metaspace       used 64196K, committed 65344K, reserved 1114112K
  class space    used 6653K, committed 7168K, reserved 1048576K
}
Event: 17.976 GC heap before
{Heap before GC invocations=51 (full 4):
 PSYoungGen      total 15360K, used 15150K [0x00000000eab00000, 0x00000000ec300000, 0x0000000100000000)
  eden space 13824K, 100% used [0x00000000eab00000,0x00000000eb880000,0x00000000eb880000)
  from space 1536K, 86% used [0x00000000eb880000,0x00000000eb9cba78,0x00000000eba00000)
  to   space 4096K, 0% used [0x00000000ebf00000,0x00000000ebf00000,0x00000000ec300000)
 ParOldGen       total 83456K, used 54400K [0x00000000c0000000, 0x00000000c5180000, 0x00000000eab00000)
  object space 83456K, 65% used [0x00000000c0000000,0x00000000c3520348,0x00000000c5180000)
 Metaspace       used 65016K, committed 66176K, reserved 1114112K
  class space    used 6735K, committed 7232K, reserved 1048576K
}
Event: 17.978 GC heap after
{Heap after GC invocations=51 (full 4):
 PSYoungGen      total 14848K, used 804K [0x00000000eab00000, 0x00000000ec000000, 0x0000000100000000)
  eden space 13824K, 0% used [0x00000000eab00000,0x00000000eab00000,0x00000000eb880000)
  from space 1024K, 78% used [0x00000000ebf00000,0x00000000ebfc9210,0x00000000ec000000)
  to   space 1536K, 0% used [0x00000000ebd00000,0x00000000ebd00000,0x00000000ebe80000)
 ParOldGen       total 83456K, used 55614K [0x00000000c0000000, 0x00000000c5180000, 0x00000000eab00000)
  object space 83456K, 66% used [0x00000000c0000000,0x00000000c364fa78,0x00000000c5180000)
 Metaspace       used 65016K, committed 66176K, reserved 1114112K
  class space    used 6735K, committed 7232K, reserved 1048576K
}
Event: 18.292 GC heap before
{Heap before GC invocations=52 (full 4):
 PSYoungGen      total 14848K, used 14361K [0x00000000eab00000, 0x00000000ec000000, 0x0000000100000000)
  eden space 13824K, 98% used [0x00000000eab00000,0x00000000eb83d338,0x00000000eb880000)
  from space 1024K, 78% used [0x00000000ebf00000,0x00000000ebfc9210,0x00000000ec000000)
  to   space 1536K, 0% used [0x00000000ebd00000,0x00000000ebd00000,0x00000000ebe80000)
 ParOldGen       total 83456K, used 55614K [0x00000000c0000000, 0x00000000c5180000, 0x00000000eab00000)
  object space 83456K, 66% used [0x00000000c0000000,0x00000000c364fa78,0x00000000c5180000)
 Metaspace       used 65092K, committed 66240K, reserved 1114112K
  class space    used 6736K, committed 7232K, reserved 1048576K
}
Event: 18.294 GC heap after
{Heap after GC invocations=52 (full 4):
 PSYoungGen      total 15360K, used 596K [0x00000000eab00000, 0x00000000ebf80000, 0x0000000100000000)
  eden space 13824K, 0% used [0x00000000eab00000,0x00000000eab00000,0x00000000eb880000)
  from space 1536K, 38% used [0x00000000ebd00000,0x00000000ebd95200,0x00000000ebe80000)
  to   space 1024K, 0% used [0x00000000ebe80000,0x00000000ebe80000,0x00000000ebf80000)
 ParOldGen       total 83456K, used 56299K [0x00000000c0000000, 0x00000000c5180000, 0x00000000eab00000)
  object space 83456K, 67% used [0x00000000c0000000,0x00000000c36fac98,0x00000000c5180000)
 Metaspace       used 65092K, committed 66240K, reserved 1114112K
  class space    used 6736K, committed 7232K, reserved 1048576K
}
Event: 18.358 GC heap before
{Heap before GC invocations=53 (full 4):
 PSYoungGen      total 15360K, used 14420K [0x00000000eab00000, 0x00000000ebf80000, 0x0000000100000000)
  eden space 13824K, 100% used [0x00000000eab00000,0x00000000eb880000,0x00000000eb880000)
  from space 1536K, 38% used [0x00000000ebd00000,0x00000000ebd95200,0x00000000ebe80000)
  to   space 1024K, 0% used [0x00000000ebe80000,0x00000000ebe80000,0x00000000ebf80000)
 ParOldGen       total 83456K, used 56299K [0x00000000c0000000, 0x00000000c5180000, 0x00000000eab00000)
  object space 83456K, 67% used [0x00000000c0000000,0x00000000c36fac98,0x00000000c5180000)
 Metaspace       used 65138K, committed 66240K, reserved 1114112K
  class space    used 6736K, committed 7232K, reserved 1048576K
}
Event: 18.360 GC heap after
{Heap after GC invocations=53 (full 4):
 PSYoungGen      total 14336K, used 404K [0x00000000eab00000, 0x00000000ebf00000, 0x0000000100000000)
  eden space 13824K, 0% used [0x00000000eab00000,0x00000000eab00000,0x00000000eb880000)
  from space 512K, 79% used [0x00000000ebe80000,0x00000000ebee5200,0x00000000ebf00000)
  to   space 512K, 0% used [0x00000000ebe00000,0x00000000ebe00000,0x00000000ebe80000)
 ParOldGen       total 83456K, used 56691K [0x00000000c0000000, 0x00000000c5180000, 0x00000000eab00000)
  object space 83456K, 67% used [0x00000000c0000000,0x00000000c375cc98,0x00000000c5180000)
 Metaspace       used 65138K, committed 66240K, reserved 1114112K
  class space    used 6736K, committed 7232K, reserved 1048576K
}
Event: 18.892 GC heap before
{Heap before GC invocations=54 (full 4):
 PSYoungGen      total 14336K, used 14228K [0x00000000eab00000, 0x00000000ebf00000, 0x0000000100000000)
  eden space 13824K, 100% used [0x00000000eab00000,0x00000000eb880000,0x00000000eb880000)
  from space 512K, 79% used [0x00000000ebe80000,0x00000000ebee5200,0x00000000ebf00000)
  to   space 512K, 0% used [0x00000000ebe00000,0x00000000ebe00000,0x00000000ebe80000)
 ParOldGen       total 83456K, used 56691K [0x00000000c0000000, 0x00000000c5180000, 0x00000000eab00000)
  object space 83456K, 67% used [0x00000000c0000000,0x00000000c375cc98,0x00000000c5180000)
 Metaspace       used 65492K, committed 66560K, reserved 1114112K
  class space    used 6765K, committed 7232K, reserved 1048576K
}
Event: 18.894 GC heap after
{Heap after GC invocations=54 (full 4):
 PSYoungGen      total 14336K, used 490K [0x00000000eab00000, 0x00000000ebf00000, 0x0000000100000000)
  eden space 13824K, 0% used [0x00000000eab00000,0x00000000eab00000,0x00000000eb880000)
  from space 512K, 95% used [0x00000000ebe00000,0x00000000ebe7a830,0x00000000ebe80000)
  to   space 512K, 0% used [0x00000000ebe80000,0x00000000ebe80000,0x00000000ebf00000)
 ParOldGen       total 83456K, used 56755K [0x00000000c0000000, 0x00000000c5180000, 0x00000000eab00000)
  object space 83456K, 68% used [0x00000000c0000000,0x00000000c376cc98,0x00000000c5180000)
 Metaspace       used 65492K, committed 66560K, reserved 1114112K
  class space    used 6765K, committed 7232K, reserved 1048576K
}
Event: 37.794 GC heap before
{Heap before GC invocations=55 (full 4):
 PSYoungGen      total 14336K, used 14314K [0x00000000eab00000, 0x00000000ebf00000, 0x0000000100000000)
  eden space 13824K, 100% used [0x00000000eab00000,0x00000000eb880000,0x00000000eb880000)
  from space 512K, 95% used [0x00000000ebe00000,0x00000000ebe7a830,0x00000000ebe80000)
  to   space 512K, 0% used [0x00000000ebe80000,0x00000000ebe80000,0x00000000ebf00000)
 ParOldGen       total 83456K, used 56755K [0x00000000c0000000, 0x00000000c5180000, 0x00000000eab00000)
  object space 83456K, 68% used [0x00000000c0000000,0x00000000c376cc98,0x00000000c5180000)
 Metaspace       used 65943K, committed 67072K, reserved 1114112K
  class space    used 6834K, committed 7360K, reserved 1048576K
}
Event: 37.796 GC heap after
{Heap after GC invocations=55 (full 4):
 PSYoungGen      total 14336K, used 500K [0x00000000eab00000, 0x00000000ebf00000, 0x0000000100000000)
  eden space 13824K, 0% used [0x00000000eab00000,0x00000000eab00000,0x00000000eb880000)
  from space 512K, 97% used [0x00000000ebe80000,0x00000000ebefd200,0x00000000ebf00000)
  to   space 1024K, 0% used [0x00000000ebd00000,0x00000000ebd00000,0x00000000ebe00000)
 ParOldGen       total 83456K, used 57107K [0x00000000c0000000, 0x00000000c5180000, 0x00000000eab00000)
  object space 83456K, 68% used [0x00000000c0000000,0x00000000c37c4e78,0x00000000c5180000)
 Metaspace       used 65943K, committed 67072K, reserved 1114112K
  class space    used 6834K, committed 7360K, reserved 1048576K
}
Event: 1098.396 GC heap before
{Heap before GC invocations=56 (full 4):
 PSYoungGen      total 14336K, used 14322K [0x00000000eab00000, 0x00000000ebf00000, 0x0000000100000000)
  eden space 13824K, 99% used [0x00000000eab00000,0x00000000eb87f7a8,0x00000000eb880000)
  from space 512K, 97% used [0x00000000ebe80000,0x00000000ebefd200,0x00000000ebf00000)
  to   space 1024K, 0% used [0x00000000ebd00000,0x00000000ebd00000,0x00000000ebe00000)
 ParOldGen       total 83456K, used 57107K [0x00000000c0000000, 0x00000000c5180000, 0x00000000eab00000)
  object space 83456K, 68% used [0x00000000c0000000,0x00000000c37c4e78,0x00000000c5180000)
 Metaspace       used 66672K, committed 67840K, reserved 1114112K
  class space    used 6909K, committed 7488K, reserved 1048576K
}
Event: 1098.398 GC heap after
{Heap after GC invocations=56 (full 4):
 PSYoungGen      total 14848K, used 1014K [0x00000000eab00000, 0x00000000ebf00000, 0x0000000100000000)
  eden space 13824K, 0% used [0x00000000eab00000,0x00000000eab00000,0x00000000eb880000)
  from space 1024K, 99% used [0x00000000ebd00000,0x00000000ebdfda20,0x00000000ebe00000)
  to   space 1024K, 0% used [0x00000000ebe00000,0x00000000ebe00000,0x00000000ebf00000)
 ParOldGen       total 83456K, used 57537K [0x00000000c0000000, 0x00000000c5180000, 0x00000000eab00000)
  object space 83456K, 68% used [0x00000000c0000000,0x00000000c3830740,0x00000000c5180000)
 Metaspace       used 66672K, committed 67840K, reserved 1114112K
  class space    used 6909K, committed 7488K, reserved 1048576K
}

