# JRE version: OpenJDK Runtime Environment Temurin-17.0.6+10 (17.0.6+10) (build 17.0.6+10)
# Java VM: OpenJDK 64-Bit Server VM Temurin-17.0.6+10 (17.0.6+10, mixed mode, tiered, compressed oops, compressed class ptrs, parallel gc, windows-amd64)
GC Precious Log:
 CPUs: 8 total, 8 available
 Memory: 16122M
 Large Page Support: Disabled
 NUMA Support: Disabled
 Compressed Oops: Enabled (32-bit)
 Alignments: Space 512K, Generation 512K, Heap 2M
 Heap Min Capacity: 100M
 Heap Initial Capacity: 100M
 Heap Max Capacity: 1G
 Pre-touch: Disabled
 Parallel Workers: 8
Heap:
 PSYoungGen      total 10240K, used 192K [0x00000000eab00000, 0x00000000eb600000, 0x0000000100000000)
  eden space 9728K, 0% used [0x00000000eab00000,0x00000000eab00000,0x00000000eb480000)
  from space 512K, 37% used [0x00000000eb580000,0x00000000eb5b0000,0x00000000eb600000)
  to   space 512K, 0% used [0x00000000eb500000,0x00000000eb500000,0x00000000eb580000)
 ParOldGen       total 289792K, used 288910K [0x00000000c0000000, 0x00000000d1b00000, 0x00000000eab00000)
  object space 289792K, 99% used [0x00000000c0000000,0x00000000d1a239b8,0x00000000d1b00000)
 Metaspace       used 101218K, committed 102528K, reserved 1146880K
  class space    used 9488K, committed 10048K, reserved 1048576K
GC Heap History (20 events):
Event: 174514.539 GC heap after
{Heap after GC invocations=58304 (full 1566):
 PSYoungGen      total 10240K, used 192K [0x00000000eab00000, 0x00000000eb600000, 0x0000000100000000)
  eden space 9728K, 0% used [0x00000000eab00000,0x00000000eab00000,0x00000000eb480000)
  from space 512K, 37% used [0x00000000eb500000,0x00000000eb530000,0x00000000eb580000)
  to   space 512K, 0% used [0x00000000eb580000,0x00000000eb580000,0x00000000eb600000)
 ParOldGen       total 289792K, used 276816K [0x00000000c0000000, 0x00000000d1b00000, 0x00000000eab00000)
  object space 289792K, 95% used [0x00000000c0000000,0x00000000d0e54200,0x00000000d1b00000)
 Metaspace       used 101218K, committed 102528K, reserved 1146880K
  class space    used 9488K, committed 10048K, reserved 1048576K
}
Event: 174514.563 GC heap before
{Heap before GC invocations=58305 (full 1566):
 PSYoungGen      total 10240K, used 7942K [0x00000000eab00000, 0x00000000eb600000, 0x0000000100000000)
  eden space 9728K, 79% used [0x00000000eab00000,0x00000000eb291850,0x00000000eb480000)
  from space 512K, 37% used [0x00000000eb500000,0x00000000eb530000,0x00000000eb580000)
  to   space 512K, 0% used [0x00000000eb580000,0x00000000eb580000,0x00000000eb600000)
 ParOldGen       total 289792K, used 276816K [0x00000000c0000000, 0x00000000d1b00000, 0x00000000eab00000)
  object space 289792K, 95% used [0x00000000c0000000,0x00000000d0e54200,0x00000000d1b00000)
 Metaspace       used 101218K, committed 102528K, reserved 1146880K
  class space    used 9488K, committed 10048K, reserved 1048576K
}
Event: 174514.564 GC heap after
{Heap after GC invocations=58305 (full 1566):
 PSYoungGen      total 10240K, used 160K [0x00000000eab00000, 0x00000000eb600000, 0x0000000100000000)
  eden space 9728K, 0% used [0x00000000eab00000,0x00000000eab00000,0x00000000eb480000)
  from space 512K, 31% used [0x00000000eb580000,0x00000000eb5a8000,0x00000000eb600000)
  to   space 512K, 0% used [0x00000000eb500000,0x00000000eb500000,0x00000000eb580000)
 ParOldGen       total 289792K, used 276816K [0x00000000c0000000, 0x00000000d1b00000, 0x00000000eab00000)
  object space 289792K, 95% used [0x00000000c0000000,0x00000000d0e54200,0x00000000d1b00000)
 Metaspace       used 101218K, committed 102528K, reserved 1146880K
  class space    used 9488K, committed 10048K, reserved 1048576K
}
Event: 174514.583 GC heap before
{Heap before GC invocations=58306 (full 1566):
 PSYoungGen      total 10240K, used 7770K [0x00000000eab00000, 0x00000000eb600000, 0x0000000100000000)
  eden space 9728K, 78% used [0x00000000eab00000,0x00000000eb26e888,0x00000000eb480000)
  from space 512K, 31% used [0x00000000eb580000,0x00000000eb5a8000,0x00000000eb600000)
  to   space 512K, 0% used [0x00000000eb500000,0x00000000eb500000,0x00000000eb580000)
 ParOldGen       total 289792K, used 276816K [0x00000000c0000000, 0x00000000d1b00000, 0x00000000eab00000)
  object space 289792K, 95% used [0x00000000c0000000,0x00000000d0e54200,0x00000000d1b00000)
 Metaspace       used 101218K, committed 102528K, reserved 1146880K
  class space    used 9488K, committed 10048K, reserved 1048576K
}
Event: 174514.584 GC heap after
{Heap after GC invocations=58306 (full 1566):
 PSYoungGen      total 10240K, used 192K [0x00000000eab00000, 0x00000000eb600000, 0x0000000100000000)
  eden space 9728K, 0% used [0x00000000eab00000,0x00000000eab00000,0x00000000eb480000)
  from space 512K, 37% used [0x00000000eb500000,0x00000000eb530000,0x00000000eb580000)
  to   space 512K, 0% used [0x00000000eb580000,0x00000000eb580000,0x00000000eb600000)
 ParOldGen       total 289792K, used 276816K [0x00000000c0000000, 0x00000000d1b00000, 0x00000000eab00000)
  object space 289792K, 95% used [0x00000000c0000000,0x00000000d0e54200,0x00000000d1b00000)
 Metaspace       used 101218K, committed 102528K, reserved 1146880K
  class space    used 9488K, committed 10048K, reserved 1048576K
}
Event: 174516.397 GC heap before
{Heap before GC invocations=58307 (full 1566):
 PSYoungGen      total 10240K, used 9911K [0x00000000eab00000, 0x00000000eb600000, 0x0000000100000000)
  eden space 9728K, 99% used [0x00000000eab00000,0x00000000eb47df60,0x00000000eb480000)
  from space 512K, 37% used [0x00000000eb500000,0x00000000eb530000,0x00000000eb580000)
  to   space 512K, 0% used [0x00000000eb580000,0x00000000eb580000,0x00000000eb600000)
 ParOldGen       total 289792K, used 276816K [0x00000000c0000000, 0x00000000d1b00000, 0x00000000eab00000)
  object space 289792K, 95% used [0x00000000c0000000,0x00000000d0e54200,0x00000000d1b00000)
 Metaspace       used 101218K, committed 102528K, reserved 1146880K
  class space    used 9488K, committed 10048K, reserved 1048576K
}
Event: 174516.398 GC heap after
{Heap after GC invocations=58307 (full 1566):
 PSYoungGen      total 10240K, used 360K [0x00000000eab00000, 0x00000000eb600000, 0x0000000100000000)
  eden space 9728K, 0% used [0x00000000eab00000,0x00000000eab00000,0x00000000eb480000)
  from space 512K, 70% used [0x00000000eb580000,0x00000000eb5da308,0x00000000eb600000)
  to   space 512K, 0% used [0x00000000eb500000,0x00000000eb500000,0x00000000eb580000)
 ParOldGen       total 289792K, used 279399K [0x00000000c0000000, 0x00000000d1b00000, 0x00000000eab00000)
  object space 289792K, 96% used [0x00000000c0000000,0x00000000d10d9e98,0x00000000d1b00000)
 Metaspace       used 101218K, committed 102528K, reserved 1146880K
  class space    used 9488K, committed 10048K, reserved 1048576K
}
Event: 174516.410 GC heap before
{Heap before GC invocations=58308 (full 1566):
 PSYoungGen      total 10240K, used 10025K [0x00000000eab00000, 0x00000000eb600000, 0x0000000100000000)
  eden space 9728K, 99% used [0x00000000eab00000,0x00000000eb470498,0x00000000eb480000)
  from space 512K, 70% used [0x00000000eb580000,0x00000000eb5da308,0x00000000eb600000)
  to   space 512K, 0% used [0x00000000eb500000,0x00000000eb500000,0x00000000eb580000)
 ParOldGen       total 289792K, used 279399K [0x00000000c0000000, 0x00000000d1b00000, 0x00000000eab00000)
  object space 289792K, 96% used [0x00000000c0000000,0x00000000d10d9e98,0x00000000d1b00000)
 Metaspace       used 101218K, committed 102528K, reserved 1146880K
  class space    used 9488K, committed 10048K, reserved 1048576K
}
Event: 174516.411 GC heap after
{Heap after GC invocations=58308 (full 1566):
 PSYoungGen      total 10240K, used 256K [0x00000000eab00000, 0x00000000eb600000, 0x0000000100000000)
  eden space 9728K, 0% used [0x00000000eab00000,0x00000000eab00000,0x00000000eb480000)
  from space 512K, 50% used [0x00000000eb500000,0x00000000eb540000,0x00000000eb580000)
  to   space 512K, 0% used [0x00000000eb580000,0x00000000eb580000,0x00000000eb600000)
 ParOldGen       total 289792K, used 279399K [0x00000000c0000000, 0x00000000d1b00000, 0x00000000eab00000)
  object space 289792K, 96% used [0x00000000c0000000,0x00000000d10d9e98,0x00000000d1b00000)
 Metaspace       used 101218K, committed 102528K, reserved 1146880K
  class space    used 9488K, committed 10048K, reserved 1048576K
}
Event: 174516.425 GC heap before
{Heap before GC invocations=58309 (full 1566):
 PSYoungGen      total 10240K, used 9850K [0x00000000eab00000, 0x00000000eb600000, 0x0000000100000000)
  eden space 9728K, 98% used [0x00000000eab00000,0x00000000eb45ea80,0x00000000eb480000)
  from space 512K, 50% used [0x00000000eb500000,0x00000000eb540000,0x00000000eb580000)
  to   space 512K, 0% used [0x00000000eb580000,0x00000000eb580000,0x00000000eb600000)
 ParOldGen       total 289792K, used 279399K [0x00000000c0000000, 0x00000000d1b00000, 0x00000000eab00000)
  object space 289792K, 96% used [0x00000000c0000000,0x00000000d10d9e98,0x00000000d1b00000)
 Metaspace       used 101218K, committed 102528K, reserved 1146880K
  class space    used 9488K, committed 10048K, reserved 1048576K
}
Event: 174516.425 GC heap after
{Heap after GC invocations=58309 (full 1566):
 PSYoungGen      total 10240K, used 484K [0x00000000eab00000, 0x00000000eb680000, 0x0000000100000000)
  eden space 9728K, 0% used [0x00000000eab00000,0x00000000eab00000,0x00000000eb480000)
  from space 512K, 94% used [0x00000000eb580000,0x00000000eb5f92b8,0x00000000eb600000)
  to   space 1024K, 0% used [0x00000000eb480000,0x00000000eb480000,0x00000000eb580000)
 ParOldGen       total 289792K, used 279407K [0x00000000c0000000, 0x00000000d1b00000, 0x00000000eab00000)
  object space 289792K, 96% used [0x00000000c0000000,0x00000000d10dbe98,0x00000000d1b00000)
 Metaspace       used 101218K, committed 102528K, reserved 1146880K
  class space    used 9488K, committed 10048K, reserved 1048576K
}
Event: 174516.442 GC heap before
{Heap before GC invocations=58310 (full 1566):
 PSYoungGen      total 10240K, used 10124K [0x00000000eab00000, 0x00000000eb680000, 0x0000000100000000)
  eden space 9728K, 99% used [0x00000000eab00000,0x00000000eb46a008,0x00000000eb480000)
  from space 512K, 94% used [0x00000000eb580000,0x00000000eb5f92b8,0x00000000eb600000)
  to   space 1024K, 0% used [0x00000000eb480000,0x00000000eb480000,0x00000000eb580000)
 ParOldGen       total 289792K, used 279407K [0x00000000c0000000, 0x00000000d1b00000, 0x00000000eab00000)
  object space 289792K, 96% used [0x00000000c0000000,0x00000000d10dbe98,0x00000000d1b00000)
 Metaspace       used 101218K, committed 102528K, reserved 1146880K
  class space    used 9488K, committed 10048K, reserved 1048576K
}
Event: 174516.443 GC heap after
{Heap after GC invocations=58310 (full 1566):
 PSYoungGen      total 10752K, used 160K [0x00000000eab00000, 0x00000000eb600000, 0x0000000100000000)
  eden space 9728K, 0% used [0x00000000eab00000,0x00000000eab00000,0x00000000eb480000)
  from space 1024K, 15% used [0x00000000eb480000,0x00000000eb4a8000,0x00000000eb580000)
  to   space 512K, 0% used [0x00000000eb580000,0x00000000eb580000,0x00000000eb600000)
 ParOldGen       total 289792K, used 284163K [0x00000000c0000000, 0x00000000d1b00000, 0x00000000eab00000)
  object space 289792K, 98% used [0x00000000c0000000,0x00000000d1580c28,0x00000000d1b00000)
 Metaspace       used 101218K, committed 102528K, reserved 1146880K
  class space    used 9488K, committed 10048K, reserved 1048576K
}
Event: 174516.463 GC heap before
{Heap before GC invocations=58311 (full 1566):
 PSYoungGen      total 10752K, used 7941K [0x00000000eab00000, 0x00000000eb600000, 0x0000000100000000)
  eden space 9728K, 79% used [0x00000000eab00000,0x00000000eb2997f0,0x00000000eb480000)
  from space 1024K, 15% used [0x00000000eb480000,0x00000000eb4a8000,0x00000000eb580000)
  to   space 512K, 0% used [0x00000000eb580000,0x00000000eb580000,0x00000000eb600000)
 ParOldGen       total 289792K, used 284163K [0x00000000c0000000, 0x00000000d1b00000, 0x00000000eab00000)
  object space 289792K, 98% used [0x00000000c0000000,0x00000000d1580c28,0x00000000d1b00000)
 Metaspace       used 101218K, committed 102528K, reserved 1146880K
  class space    used 9488K, committed 10048K, reserved 1048576K
}
Event: 174516.464 GC heap after
{Heap after GC invocations=58311 (full 1566):
 PSYoungGen      total 10240K, used 256K [0x00000000eab00000, 0x00000000eb600000, 0x0000000100000000)
  eden space 9728K, 0% used [0x00000000eab00000,0x00000000eab00000,0x00000000eb480000)
  from space 512K, 50% used [0x00000000eb580000,0x00000000eb5c0000,0x00000000eb600000)
  to   space 512K, 0% used [0x00000000eb500000,0x00000000eb500000,0x00000000eb580000)
 ParOldGen       total 289792K, used 284163K [0x00000000c0000000, 0x00000000d1b00000, 0x00000000eab00000)
  object space 289792K, 98% used [0x00000000c0000000,0x00000000d1580c28,0x00000000d1b00000)
 Metaspace       used 101218K, committed 102528K, reserved 1146880K
  class space    used 9488K, committed 10048K, reserved 1048576K
}
Event: 174516.490 GC heap before
{Heap before GC invocations=58312 (full 1566):
 PSYoungGen      total 10240K, used 7855K [0x00000000eab00000, 0x00000000eb600000, 0x0000000100000000)
  eden space 9728K, 78% used [0x00000000eab00000,0x00000000eb26bc78,0x00000000eb480000)
  from space 512K, 50% used [0x00000000eb580000,0x00000000eb5c0000,0x00000000eb600000)
  to   space 512K, 0% used [0x00000000eb500000,0x00000000eb500000,0x00000000eb580000)
 ParOldGen       total 289792K, used 284163K [0x00000000c0000000, 0x00000000d1b00000, 0x00000000eab00000)
  object space 289792K, 98% used [0x00000000c0000000,0x00000000d1580c28,0x00000000d1b00000)
 Metaspace       used 101218K, committed 102528K, reserved 1146880K
  class space    used 9488K, committed 10048K, reserved 1048576K
}
Event: 174516.491 GC heap after
{Heap after GC invocations=58312 (full 1566):
 PSYoungGen      total 10240K, used 160K [0x00000000eab00000, 0x00000000eb600000, 0x0000000100000000)
  eden space 9728K, 0% used [0x00000000eab00000,0x00000000eab00000,0x00000000eb480000)
  from space 512K, 31% used [0x00000000eb500000,0x00000000eb528000,0x00000000eb580000)
  to   space 512K, 0% used [0x00000000eb580000,0x00000000eb580000,0x00000000eb600000)
 ParOldGen       total 289792K, used 284163K [0x00000000c0000000, 0x00000000d1b00000, 0x00000000eab00000)
  object space 289792K, 98% used [0x00000000c0000000,0x00000000d1580c28,0x00000000d1b00000)
 Metaspace       used 101218K, committed 102528K, reserved 1146880K
  class space    used 9488K, committed 10048K, reserved 1048576K
}
Event: 174814.752 GC heap before
{Heap before GC invocations=58313 (full 1566):
 PSYoungGen      total 10240K, used 9721K [0x00000000eab00000, 0x00000000eb600000, 0x0000000100000000)
  eden space 9728K, 98% used [0x00000000eab00000,0x00000000eb456428,0x00000000eb480000)
  from space 512K, 31% used [0x00000000eb500000,0x00000000eb528000,0x00000000eb580000)
  to   space 512K, 0% used [0x00000000eb580000,0x00000000eb580000,0x00000000eb600000)
 ParOldGen       total 289792K, used 284163K [0x00000000c0000000, 0x00000000d1b00000, 0x00000000eab00000)
  object space 289792K, 98% used [0x00000000c0000000,0x00000000d1580c28,0x00000000d1b00000)
 Metaspace       used 101218K, committed 102528K, reserved 1146880K
  class space    used 9488K, committed 10048K, reserved 1048576K
}
Event: 174814.753 GC heap after
{Heap after GC invocations=58313 (full 1566):
 PSYoungGen      total 10240K, used 192K [0x00000000eab00000, 0x00000000eb600000, 0x0000000100000000)
  eden space 9728K, 0% used [0x00000000eab00000,0x00000000eab00000,0x00000000eb480000)
  from space 512K, 37% used [0x00000000eb580000,0x00000000eb5b0000,0x00000000eb600000)
  to   space 512K, 0% used [0x00000000eb500000,0x00000000eb500000,0x00000000eb580000)
 ParOldGen       total 289792K, used 288910K [0x00000000c0000000, 0x00000000d1b00000, 0x00000000eab00000)
  object space 289792K, 99% used [0x00000000c0000000,0x00000000d1a239b8,0x00000000d1b00000)
 Metaspace       used 101218K, committed 102528K, reserved 1146880K
  class space    used 9488K, committed 10048K, reserved 1048576K
}
Event: 174814.754 GC heap before
{Heap before GC invocations=58314 (full 1567):
 PSYoungGen      total 10240K, used 192K [0x00000000eab00000, 0x00000000eb600000, 0x0000000100000000)
  eden space 9728K, 0% used [0x00000000eab00000,0x00000000eab00000,0x00000000eb480000)
  from space 512K, 37% used [0x00000000eb580000,0x00000000eb5b0000,0x00000000eb600000)
  to   space 512K, 0% used [0x00000000eb500000,0x00000000eb500000,0x00000000eb580000)
 ParOldGen       total 289792K, used 288910K [0x00000000c0000000, 0x00000000d1b00000, 0x00000000eab00000)
  object space 289792K, 99% used [0x00000000c0000000,0x00000000d1a239b8,0x00000000d1b00000)
 Metaspace       used 101218K, committed 102528K, reserved 1146880K
  class space    used 9488K, committed 10048K, reserved 1048576K
}

